TN:
SF:script/Deploy.s.sol
DA:34,0
FN:34,Deploy.run
FNDA:0,Deploy.run
DA:35,0
DA:36,0
DA:37,0
DA:38,0
DA:39,0
DA:40,0
DA:41,0
DA:46,0
FN:46,Deploy._deploy
FNDA:0,Deploy._deploy
DA:47,0
DA:48,0
DA:49,0
DA:50,0
DA:51,0
DA:52,0
DA:53,0
DA:54,0
DA:71,0
FN:71,Deploy._createBatches
FNDA:0,Deploy._createBatches
DA:72,0
DA:73,0
DA:74,0
DA:75,0
DA:77,0
DA:83,0
DA:84,0
DA:85,0
DA:86,0
DA:87,0
DA:88,0
DA:89,0
DA:90,0
DA:91,0
DA:92,0
DA:94,0
DA:107,0
FN:107,Deploy._route1_oliveOil
FNDA:0,Deploy._route1_oliveOil
DA:108,0
DA:110,0
DA:111,0
DA:112,0
DA:114,0
DA:115,0
DA:116,0
DA:117,0
DA:119,0
DA:120,0
DA:121,0
DA:122,0
DA:124,0
DA:125,0
DA:126,0
DA:127,0
DA:129,0
DA:130,0
DA:131,0
DA:132,0
DA:134,0
DA:135,0
DA:136,0
DA:138,0
DA:139,0
DA:140,0
DA:153,0
FN:153,Deploy._route2_pharmaRecall
FNDA:0,Deploy._route2_pharmaRecall
DA:154,0
DA:156,0
DA:157,0
DA:158,0
DA:160,0
DA:161,0
DA:162,0
DA:163,0
DA:165,0
DA:166,0
DA:167,0
DA:168,0
DA:170,0
DA:171,0
DA:172,0
DA:175,0
DA:176,0
DA:177,0
DA:178,0
DA:180,0
DA:181,0
DA:182,0
DA:183,0
DA:188,0
FN:188,Deploy._partialStates
FNDA:0,Deploy._partialStates
DA:190,0
DA:191,0
DA:192,0
DA:195,0
DA:196,0
DA:197,0
DA:199,0
DA:200,0
DA:201,0
DA:202,0
DA:204,0
DA:205,0
DA:206,0
DA:209,0
DA:211,0
DA:212,0
DA:213,0
DA:215,0
DA:216,0
DA:217,0
DA:219,0
DA:220,0
DA:221,0
DA:228,0
FN:228,Deploy._storeAt
FNDA:0,Deploy._storeAt
DA:229,0
DA:230,0
DA:231,0
DA:233,0
DA:234,0
DA:235,0
DA:238,0
FN:238,Deploy._printSummary
FNDA:0,Deploy._printSummary
DA:239,0
DA:240,0
DA:241,0
DA:242,0
DA:243,0
DA:244,0
DA:247,0
DA:248,0
DA:249,0
DA:250,0
DA:251,0
DA:252,0
DA:253,0
DA:254,0
DA:255,0
DA:256,0
DA:257,0
FNF:8
FNH:0
LF:134
LH:0
BRF:0
BRH:0
end_of_record
TN:
SF:src/TrustChain.sol
DA:26,29053
FN:26,TrustChain.onlyAdmin
FNDA:29053,TrustChain.onlyAdmin
DA:27,29053
DA:31,12591
FN:31,TrustChain.onlyProducer
FNDA:12591,TrustChain.onlyProducer
DA:32,12591
DA:36,29047
FN:36,TrustChain.onlyTransporter
FNDA:29047,TrustChain.onlyTransporter
DA:37,29047
DA:41,29408
FN:41,TrustChain.onlyWarehouse
FNDA:29408,TrustChain.onlyWarehouse
DA:42,29408
DA:46,29335
FN:46,TrustChain.onlyDistributor
FNDA:29335,TrustChain.onlyDistributor
DA:47,29335
DA:51,29410
FN:51,TrustChain.onlyAuditor
FNDA:29410,TrustChain.onlyAuditor
DA:52,29410
DA:58,106
FN:58,TrustChain.constructor
FNDA:106,TrustChain.constructor
DA:59,106
DA:61,106
DA:62,106
DA:63,106
DA:64,106
DA:65,106
DA:66,106
DA:67,106
DA:69,106
DA:70,106
DA:71,106
DA:72,106
DA:73,106
DA:74,106
DA:75,106
DA:77,106
DA:78,106
DA:79,106
DA:80,106
DA:81,106
DA:82,106
DA:83,106
DA:84,106
DA:85,106
DA:86,106
DA:87,106
DA:88,106
DA:93,1113
FN:93,TrustChain.registerUser
FNDA:1113,TrustChain.registerUser
DA:94,1113
DA:97,9
FN:97,TrustChain.deactivateUser
FNDA:9,TrustChain.deactivateUser
DA:98,9
BRDA:98,0,0,1
DA:99,8
DA:100,8
DA:103,3
FN:103,TrustChain.activateUser
FNDA:3,TrustChain.activateUser
DA:104,3
DA:105,3
DA:108,3
FN:108,TrustChain.addProductType
FNDA:3,TrustChain.addProductType
DA:109,3
DA:112,3
FN:112,TrustChain.addUnit
FNDA:3,TrustChain.addUnit
DA:113,3
DA:118,3172
FN:118,TrustChain.createBatch
FNDA:3172,TrustChain.createBatch
DA:127,3172
BRDA:127,1,0,1406
DA:128,1766
BRDA:128,2,0,514
DA:129,1252
BRDA:129,3,0,1
DA:130,1251
BRDA:130,4,0,22
DA:131,1229
BRDA:131,5,0,1
DA:132,1228
BRDA:132,6,0,53
DA:133,1175
BRDA:133,7,0,1
DA:134,1
DA:137,1174
DA:153,1174
DA:158,29802
FN:158,TrustChain.transferCustody
FNDA:29802,TrustChain.transferCustody
DA:159,29802
DA:160,29802
BRDA:160,8,0,37
DA:161,106
BRDA:161,9,0,1
DA:162,105
BRDA:162,10,0,4
DA:163,101
DA:164,101
DA:165,101
DA:168,5920
FN:168,TrustChain.receiveBatch
FNDA:5920,TrustChain.receiveBatch
DA:169,5920
DA:170,51
BRDA:170,11,0,1
DA:171,50
DA:174,5784
FN:174,TrustChain.shipBatch
FNDA:5784,TrustChain.shipBatch
DA:175,5784
DA:176,32
BRDA:176,12,0,22
DA:177,10
DA:180,5748
FN:180,TrustChain.distributeBatch
FNDA:5748,TrustChain.distributeBatch
DA:181,5748
DA:182,2
BRDA:182,13,0,2
DA:183,39
BRDA:183,14,0,10
DA:184,29
DA:190,5969
FN:190,TrustChain.recallBatch
FNDA:5969,TrustChain.recallBatch
DA:191,5969
DA:192,37
DA:193,5969
DA:194,5969
DA:197,5820
FN:197,TrustChain.certifyBatch
FNDA:5820,TrustChain.certifyBatch
DA:198,5820
DA:199,17
BRDA:199,15,0,12
DA:200,1
BRDA:200,16,0,1
DA:201,4
DA:202,4
DA:207,5650
FN:207,TrustChain.disposeBatch
FNDA:5650,TrustChain.disposeBatch
DA:208,5650
DA:209,15
BRDA:209,17,0,7
DA:210,8
BRDA:210,18,0,1
DA:211,7
DA:216,300
FN:216,TrustChain.getBatch
FNDA:300,TrustChain.getBatch
DA:217,300
DA:220,4
FN:220,TrustChain.getUser
FNDA:4,TrustChain.getUser
DA:221,4
DA:224,3
FN:224,TrustChain.getProductTypes
FNDA:3,TrustChain.getProductTypes
DA:225,3
DA:226,3
DA:227,22
DA:229,0
DA:232,3
FN:232,TrustChain.getUnits
FNDA:3,TrustChain.getUnits
DA:233,3
DA:234,3
DA:235,22
DA:237,0
DA:242,320100
FN:242,TrustChain._requireRole
FNDA:320100,TrustChain._requireRole
DA:243,320100
DA:244,320100
BRDA:244,19,0,280906
DA:247,11
FN:247,TrustChain._requireRegistered
FNDA:11,TrustChain._requireRegistered
DA:248,11
DA:249,11
BRDA:249,20,0,2
DA:254,1219
FN:254,TrustChain._registerUser
FNDA:1219,TrustChain._registerUser
DA:255,1219
BRDA:255,21,0,1
DA:256,1218
BRDA:256,22,0,1
DA:258,1217
DA:260,1217
DA:263,745
FN:263,TrustChain._addProductType
FNDA:745,TrustChain._addProductType
DA:264,745
DA:265,745
DA:266,2241
BRDA:266,23,0,1
DA:268,744
DA:269,744
DA:270,744
DA:273,745
FN:273,TrustChain._addUnit
FNDA:745,TrustChain._addUnit
DA:274,745
DA:275,745
DA:276,2241
BRDA:276,24,0,1
DA:278,744
DA:279,744
DA:280,744
DA:283,64693
FN:283,TrustChain._requireBatch
FNDA:64693,TrustChain._requireBatch
DA:284,64693
DA:285,64693
BRDA:285,25,0,64357
DA:289,133
FN:289,TrustChain._transition
FNDA:133,TrustChain._transition
DA:293,133
BRDA:293,26,0,80
DA:294,80
BRDA:294,27,0,1
DA:296,132
DA:297,132
BRDA:297,28,0,6
DA:298,126
DA:299,126
DA:300,126
FNF:31
FNH:31
LF:151
LH:149
BRF:29
BRH:29
end_of_record
TN:
SF:test/TrustChainTestBase.t.sol
DA:27,106
FN:27,TrustChainTestBase.setUp
FNDA:106,TrustChainTestBase.setUp
DA:28,106
DA:32,62
FN:32,TrustChainTestBase._registerAll
FNDA:62,TrustChainTestBase._registerAll
DA:33,62
DA:34,62
DA:35,62
DA:36,62
DA:37,62
DA:39,62
DA:40,62
DA:44,28
FN:44,TrustChainTestBase._toStored
FNDA:28,TrustChainTestBase._toStored
DA:45,0
DA:46,28
DA:47,28
DA:48,28
DA:49,28
DA:53,2
FN:53,TrustChainTestBase._toInTransit
FNDA:2,TrustChainTestBase._toInTransit
DA:54,0
DA:55,2
DA:56,2
DA:57,2
DA:58,2
DA:62,20
FN:62,TrustChainTestBase._toDistributed
FNDA:20,TrustChainTestBase._toDistributed
DA:63,0
DA:64,20
DA:65,20
DA:66,20
DA:67,20
DA:72,5
FN:72,TrustChainTestBase._toRecalledStored
FNDA:5,TrustChainTestBase._toRecalledStored
DA:73,0
DA:74,5
DA:75,5
DA:77,5
DA:78,5
DA:79,5
DA:80,5
FNF:6
FNH:6
LF:36
LH:32
BRF:0
BRH:0
end_of_record
