TN:
SF:script/Deploy.s.sol
DA:34,0
FN:34,Deploy.run
FNDA:0,Deploy.run
DA:35,0
DA:36,0
DA:37,0
DA:38,0
DA:39,0
DA:40,0
DA:41,0
DA:46,0
FN:46,Deploy._deploy
FNDA:0,Deploy._deploy
DA:47,0
DA:48,0
DA:49,0
DA:50,0
DA:51,0
DA:52,0
DA:53,0
DA:54,0
DA:71,0
FN:71,Deploy._createBatches
FNDA:0,Deploy._createBatches
DA:72,0
DA:73,0
DA:74,0
DA:75,0
DA:77,0
DA:83,0
DA:84,0
DA:85,0
DA:86,0
DA:87,0
DA:88,0
DA:89,0
DA:90,0
DA:91,0
DA:92,0
DA:94,0
DA:107,0
FN:107,Deploy._route1_oliveOil
FNDA:0,Deploy._route1_oliveOil
DA:108,0
DA:111,0
DA:112,0
DA:113,0
DA:116,0
DA:117,0
DA:118,0
DA:119,0
DA:120,0
DA:123,0
DA:124,0
DA:125,0
DA:126,0
DA:127,0
DA:130,0
DA:131,0
DA:132,0
DA:133,0
DA:134,0
DA:137,0
DA:138,0
DA:139,0
DA:140,0
DA:141,0
DA:144,0
DA:145,0
DA:146,0
DA:147,0
DA:150,0
DA:151,0
DA:152,0
DA:165,0
FN:165,Deploy._route2_pharmaRecall
FNDA:0,Deploy._route2_pharmaRecall
DA:166,0
DA:169,0
DA:170,0
DA:171,0
DA:174,0
DA:175,0
DA:176,0
DA:177,0
DA:178,0
DA:181,0
DA:182,0
DA:183,0
DA:184,0
DA:185,0
DA:188,0
DA:189,0
DA:190,0
DA:191,0
DA:195,0
DA:196,0
DA:197,0
DA:198,0
DA:201,0
DA:202,0
DA:203,0
DA:204,0
DA:205,0
DA:210,0
FN:210,Deploy._partialStates
FNDA:0,Deploy._partialStates
DA:212,0
DA:213,0
DA:214,0
DA:217,0
DA:218,0
DA:219,0
DA:221,0
DA:222,0
DA:223,0
DA:224,0
DA:225,0
DA:227,0
DA:228,0
DA:229,0
DA:230,0
DA:233,0
DA:235,0
DA:236,0
DA:237,0
DA:239,0
DA:240,0
DA:241,0
DA:242,0
DA:244,0
DA:245,0
DA:246,0
DA:253,0
FN:253,Deploy._storeAt
FNDA:0,Deploy._storeAt
DA:254,0
DA:255,0
DA:256,0
DA:258,0
DA:259,0
DA:260,0
DA:261,0
DA:264,0
FN:264,Deploy._printSummary
FNDA:0,Deploy._printSummary
DA:265,0
DA:266,0
DA:267,0
DA:268,0
DA:269,0
DA:270,0
DA:273,0
DA:274,0
DA:275,0
DA:276,0
DA:277,0
DA:278,0
DA:279,0
DA:280,0
DA:281,0
DA:282,0
DA:283,0
FNF:8
FNH:0
LF:147
LH:0
BRF:0
BRH:0
end_of_record
TN:
SF:src/TrustChain.sol
DA:30,24363
FN:30,TrustChain.onlyAdmin
FNDA:24363,TrustChain.onlyAdmin
DA:31,24363
DA:35,10260
FN:35,TrustChain.onlyProducer
FNDA:10260,TrustChain.onlyProducer
DA:36,10260
DA:40,24268
FN:40,TrustChain.onlyTransporter
FNDA:24268,TrustChain.onlyTransporter
DA:41,24268
DA:45,24135
FN:45,TrustChain.onlyWarehouse
FNDA:24135,TrustChain.onlyWarehouse
DA:46,24135
DA:50,23995
FN:50,TrustChain.onlyDistributor
FNDA:23995,TrustChain.onlyDistributor
DA:51,23995
DA:55,23644
FN:55,TrustChain.onlyAuditor
FNDA:23644,TrustChain.onlyAuditor
DA:56,23644
DA:62,121
FN:62,TrustChain.constructor
FNDA:121,TrustChain.constructor
DA:63,121
DA:65,121
DA:66,121
DA:67,121
DA:68,121
DA:69,121
DA:70,121
DA:71,121
DA:73,121
DA:74,121
DA:75,121
DA:76,121
DA:77,121
DA:78,121
DA:79,121
DA:81,121
DA:82,121
DA:83,121
DA:84,121
DA:85,121
DA:86,121
DA:87,121
DA:88,121
DA:89,121
DA:90,121
DA:91,121
DA:92,121
DA:97,1188
FN:97,TrustChain.registerUser
FNDA:1188,TrustChain.registerUser
DA:98,1188
DA:101,11
FN:101,TrustChain.deactivateUser
FNDA:11,TrustChain.deactivateUser
DA:102,11
BRDA:102,0,0,1
DA:103,10
DA:104,10
DA:107,3
FN:107,TrustChain.activateUser
FNDA:3,TrustChain.activateUser
DA:108,3
DA:109,3
DA:112,3
FN:112,TrustChain.addProductType
FNDA:3,TrustChain.addProductType
DA:113,3
DA:116,3
FN:116,TrustChain.addUnit
FNDA:3,TrustChain.addUnit
DA:117,3
DA:122,2626
FN:122,TrustChain.createBatch
FNDA:2626,TrustChain.createBatch
DA:131,2626
BRDA:131,1,0,1056
DA:132,1570
BRDA:132,2,0,424
DA:133,1146
BRDA:133,3,0,1
DA:134,1145
BRDA:134,4,0,13
DA:135,1132
BRDA:135,5,0,1
DA:136,1131
BRDA:136,6,0,54
DA:137,1077
BRDA:137,7,0,1
DA:138,1
DA:141,1076
DA:157,1076
DA:167,24181
FN:167,TrustChain.proposeCustody
FNDA:24181,TrustChain.proposeCustody
DA:168,24181
DA:169,24181
BRDA:169,8,0,55
DA:170,119
BRDA:170,9,0,7
DA:171,118
BRDA:171,10,0,1
DA:172,117
BRDA:172,11,0,7
DA:174,110
DA:176,110
DA:180,23981
FN:180,TrustChain.acceptCustody
FNDA:23981,TrustChain.acceptCustody
DA:181,23981
DA:182,134
DA:183,134
BRDA:183,12,0,39
DA:184,95
BRDA:184,13,0,1
DA:185,94
BRDA:185,14,0,1
DA:187,93
DA:188,93
DA:191,93
DA:195,24277
FN:195,TrustChain.cancelCustody
FNDA:24277,TrustChain.cancelCustody
DA:196,24277
DA:197,24277
BRDA:197,15,0,28
DA:198,12
DA:199,12
BRDA:199,16,0,10
DA:201,2
DA:205,24007
FN:205,TrustChain.declineCustody
FNDA:24007,TrustChain.declineCustody
DA:206,24007
DA:207,34
DA:208,34
BRDA:208,17,0,31
DA:209,3
BRDA:209,18,0,1
DA:211,2
DA:214,4850
FN:214,TrustChain.receiveBatch
FNDA:4850,TrustChain.receiveBatch
DA:215,4850
DA:216,52
BRDA:216,19,0,1
DA:217,51
DA:220,5040
FN:220,TrustChain.shipBatch
FNDA:5040,TrustChain.shipBatch
DA:221,5040
DA:222,14
BRDA:222,20,0,4
DA:223,10
DA:226,4707
FN:226,TrustChain.distributeBatch
FNDA:4707,TrustChain.distributeBatch
DA:227,4707
DA:228,2
BRDA:228,21,0,2
DA:229,36
BRDA:229,22,0,7
DA:230,29
DA:238,4637
FN:238,TrustChain.recallBatch
FNDA:4637,TrustChain.recallBatch
DA:239,4637
DA:240,28
DA:241,4637
DA:243,4637
DA:246,4842
FN:246,TrustChain.certifyBatch
FNDA:4842,TrustChain.certifyBatch
DA:247,4842
DA:248,20
BRDA:248,23,0,15
DA:249,1
BRDA:249,24,0,1
DA:251,4
DA:253,4
DA:259,4945
FN:259,TrustChain.disposeBatch
FNDA:4945,TrustChain.disposeBatch
DA:260,4945
DA:261,9
BRDA:261,25,0,1
DA:262,8
BRDA:262,26,0,1
DA:264,7
DA:269,302
FN:269,TrustChain.getBatch
FNDA:302,TrustChain.getBatch
DA:270,302
DA:273,4
FN:273,TrustChain.getUser
FNDA:4,TrustChain.getUser
DA:274,4
DA:277,3
FN:277,TrustChain.getProductTypes
FNDA:3,TrustChain.getProductTypes
DA:278,3
DA:279,3
DA:280,22
DA:283,0
DA:286,3
FN:286,TrustChain.getUnits
FNDA:3,TrustChain.getUnits
DA:287,3
DA:288,3
DA:289,22
DA:292,0
DA:297,260925
FN:297,TrustChain._requireRole
FNDA:260925,TrustChain._requireRole
DA:298,260925
DA:299,260925
BRDA:299,27,0,228070
DA:302,13
FN:302,TrustChain._requireRegistered
FNDA:13,TrustChain._requireRegistered
DA:303,13
DA:304,13
BRDA:304,28,0,2
DA:309,1309
FN:309,TrustChain._registerUser
FNDA:1309,TrustChain._registerUser
DA:310,1309
BRDA:310,29,0,1
DA:311,1308
BRDA:311,30,0,1
DA:313,1307
DA:316,1307
DA:319,850
FN:319,TrustChain._addProductType
FNDA:850,TrustChain._addProductType
DA:320,850
DA:321,850
DA:322,2556
BRDA:322,31,0,1
DA:324,849
DA:326,849
DA:328,849
DA:331,850
FN:331,TrustChain._addUnit
FNDA:850,TrustChain._addUnit
DA:332,850
DA:333,850
DA:334,2556
BRDA:334,32,0,1
DA:336,849
DA:337,849
DA:338,849
DA:341,125467
FN:341,TrustChain._requireBatch
FNDA:125467,TrustChain._requireBatch
DA:342,125467
DA:343,125467
BRDA:343,33,0,124924
DA:347,125
FN:347,TrustChain._transition
FNDA:125,TrustChain._transition
DA:351,125
BRDA:351,34,0,81
DA:352,81
BRDA:352,35,0,1
DA:355,124
DA:357,124
BRDA:357,36,0,6
DA:359,118
DA:360,118
DA:365,118
FNF:34
FNH:34
LF:172
LH:170
BRF:37
BRH:37
end_of_record
TN:
SF:test/TrustChainTestBase.t.sol
DA:27,121
FN:27,TrustChainTestBase.setUp
FNDA:121,TrustChainTestBase.setUp
DA:28,121
DA:32,77
FN:32,TrustChainTestBase._registerAll
FNDA:77,TrustChainTestBase._registerAll
DA:33,77
DA:34,77
DA:35,77
DA:36,77
DA:37,77
DA:39,77
DA:40,77
DA:45,92
FN:45,TrustChainTestBase._handoff
FNDA:92,TrustChainTestBase._handoff
DA:46,92
DA:47,92
DA:48,92
DA:49,92
DA:53,28
FN:53,TrustChainTestBase._toStored
FNDA:28,TrustChainTestBase._toStored
DA:54,0
DA:55,28
DA:56,28
DA:57,28
DA:61,2
FN:61,TrustChainTestBase._toInTransit
FNDA:2,TrustChainTestBase._toInTransit
DA:62,0
DA:63,2
DA:64,2
DA:65,2
DA:69,20
FN:69,TrustChainTestBase._toDistributed
FNDA:20,TrustChainTestBase._toDistributed
DA:70,0
DA:71,20
DA:72,20
DA:73,20
DA:78,5
FN:78,TrustChainTestBase._toRecalledStored
FNDA:5,TrustChainTestBase._toRecalledStored
DA:79,0
DA:80,5
DA:81,5
DA:83,5
DA:84,5
DA:85,5
FNF:7
FNH:7
LF:37
LH:33
BRF:0
BRH:0
end_of_record
